{}
{}
{}
{}
{}
{}
{}
{}
{}
{}
{}
{}
{}
{}
{}
{}
{}
{}
{}
{}
{}
{}
{}
{}
{}
{}
{}
{}
{}
{}
{}
{}
{}
{}
{}
{}
{}
{}
{}
{}
{}
{}
{}
{}
{}
{}
{}
{}
{}
{}
{}
{}
{}
{}
{}
{}
{'fishname': [u'This field is required.']}
{}
{}
{}
{}
{}
{}
{}
{}
{}
{}
{}
{}
{}
{}
{}
{}
{}
{}
{}
in add new record now.
{}
{}
{}
{'csrf_token': ['The CSRF token has expired.']}
{}
{'csrf_token': ['The CSRF token has expired.']}
{}
{}
{}
{}
{}
{}
{}
{}
{}
{}
{}
{'fishname': [u'This field is required.']}
{'fishname': [u'This field is required.']}
{}
{}
{}
{}
{}
{}
{}
{}
{}
{}
{'password': [u'This field is required.']}
{}
{}
in add new record now.
{}
{}
{}
{}
{}
{}
{}
{}
{}
{}
{}
{}
{}
{}
{}
{}
{}
{}
{}
{'fishname': [u'This field is required.']}
{}
{}
{}
{}
{}
{}
{'password': [u'This field is required.'], 'email': [u'This field is required.']}
{}
{}
{}
{}
{}
{}
{}
{}
{'csrf_token': ['The CSRF token has expired.'], 'fishname': [u'This field is required.']}
{}
{}
{}
{}
{}
{}
{}
{}
{}
{}
{}
{}
{}
{}
{}
{}
{}
{}
{}
{'password': [u'This field is required.'], 'email': [u'This field is required.']}
{}
{}
{'password': [u'This field is required.']}
